<?xml version="1.0" encoding="UTF-8"?>
<!-- Generated by org.testng.reporters.JUnitReportReporter -->
<testsuite skipped="0" hostname="LNDB1112" name="testquestion2.Test_MyCollection" tests="10" failures="0" timestamp="10 Jul 2018 04:08:35 GMT" time="0.037" errors="0">
  <testcase name="Test6_Remove_Functionality_If_Collection_Is_Empty" time="0.002" classname="testquestion2.Test_MyCollection"/>
  <testcase name="Test4_DoubleCapacity" time="0.002" classname="testquestion2.Test_MyCollection"/>
  <testcase name="Test7_Collection_Length_Functionality" time="0.005" classname="testquestion2.Test_MyCollection"/>
  <testcase name="Test1_Able_To_Add_New_Entry_In_Collection" time="0.002" classname="testquestion2.Test_MyCollection"/>
  <testcase name="Test9_Search_Functionality_If_Enrty_Not_Exists" time="0.001" classname="testquestion2.Test_MyCollection"/>
  <testcase name="Test8_Search_Functionality_If_Enrty_Exists" time="0.001" classname="testquestion2.Test_MyCollection"/>
  <testcase name="Test10_Rotate_Array" time="0.019" classname="testquestion2.Test_MyCollection"/>
  <testcase name="Test2_Duplicate_Entry_In_Collection" time="0.001" classname="testquestion2.Test_MyCollection"/>
  <testcase name="Test5_Remove_Functionality_If_Entry_Already_Present" time="0.002" classname="testquestion2.Test_MyCollection"/>
  <testcase name="Test3_Get_Collection_Functionality" time="0.002" classname="testquestion2.Test_MyCollection"/>
</testsuite> <!-- testquestion2.Test_MyCollection -->
